2022-11-01 18:43:46,510 - 5057 - hummingbot.client.hummingbot_application - INFO - Creating the clock with tick size: 1.0
2022-11-01 18:43:46,513 - 5057 - hummingbot.client.hummingbot_application - INFO - start command initiated.
2022-11-01 18:43:47,007 - 5057 - hummingbot.connector.exchange.kucoin.kucoin_exchange.KucoinExchange - INFO - Network status has changed to NetworkStatus.CONNECTED. Starting networking...
2022-11-01 18:43:47,364 - 5057 - hummingbot.core.data_type.order_book_tracker - INFO - Initialized order book for EDG-USDT. 1/1 completed.
2022-11-01 18:43:47,785 - 5057 - hummingbot.connector.exchange.kucoin.kucoin_api_order_book_data_source.KucoinAPIOrderBookDataSource - INFO - Subscribed to public order book and trade channels...
2022-11-01 18:43:47,811 - 5057 - hummingbot.connector.exchange.kucoin.kucoin_api_user_stream_data_source.KucoinAPIUserStreamDataSource - INFO - Subscribed to private order changes and balance updates channels...
2022-11-01 18:43:48,712 - 5057 - hummingbot.core.rate_oracle.rate_oracle - INFO - Network status has changed to NetworkStatus.CONNECTED. Starting networking...
2022-11-01 18:43:49,002 - 5057 - hummingbot.strategy.pure_market_making.pure_market_making - INFO - (EDG-USDT) Creating 2 ask orders at (Size, Price): ['285714 EDG, 0.000735 USDT', '285714 EDG, 0.000739 USDT']
2022-11-01 18:43:49,187 - 5057 - hummingbot.connector.client_order_tracker - INFO - Created LIMIT_MAKER SELL order SEGUT5ec6d1ad04ca5958a1d10aec3df8e47af8c for 285714.0000 EDG-USDT.
2022-11-01 18:43:49,194 - 5057 - hummingbot.core.event.event_reporter - EVENT_LOG - {"timestamp": 1667328229.0, "type": "OrderType.LIMIT_MAKER", "trading_pair": "EDG-USDT", "amount": "285714.0000", "price": "0.000735", "order_id": "SEGUT5ec6d1ad04ca5958a1d10aec3df8e47af8c", "creation_timestamp": 1667328229.0, "exchange_order_id": "636168e58d0e7a0001a83274", "leverage": 1, "position": "NIL", "event_name": "SellOrderCreatedEvent", "event_source": "kucoin"}
2022-11-01 18:43:49,194 - 5057 - hummingbot.connector.client_order_tracker - INFO - Created LIMIT_MAKER SELL order SEGUT5ec6d1ad04d1f958a1d10aec3df8e47af8c for 285714.0000 EDG-USDT.
2022-11-01 18:43:49,198 - 5057 - hummingbot.core.event.event_reporter - EVENT_LOG - {"timestamp": 1667328229.0, "type": "OrderType.LIMIT_MAKER", "trading_pair": "EDG-USDT", "amount": "285714.0000", "price": "0.000739", "order_id": "SEGUT5ec6d1ad04d1f958a1d10aec3df8e47af8c", "creation_timestamp": 1667328229.0, "exchange_order_id": "636168e504b71f0001e16328", "leverage": 1, "position": "NIL", "event_name": "SellOrderCreatedEvent", "event_source": "kucoin"}
2022-11-01 18:53:49,002 - 5057 - hummingbot.strategy.pure_market_making.pure_market_making - INFO - (EDG-USDT) Canceling the limit order SEGUT5ec6d1ad04ca5958a1d10aec3df8e47af8c. [clock=2022-11-01 18:53:49+00:00]
2022-11-01 18:53:49,003 - 5057 - hummingbot.strategy.pure_market_making.pure_market_making - INFO - (EDG-USDT) Canceling the limit order SEGUT5ec6d1ad04d1f958a1d10aec3df8e47af8c. [clock=2022-11-01 18:53:49+00:00]
2022-11-01 18:53:49,168 - 5057 - hummingbot.core.event.event_reporter - EVENT_LOG - {"timestamp": 1667328829.0, "order_id": "SEGUT5ec6d1ad04ca5958a1d10aec3df8e47af8c", "exchange_order_id": "636168e58d0e7a0001a83274", "event_name": "OrderCancelledEvent", "event_source": "kucoin"}
2022-11-01 18:53:49,168 - 5057 - hummingbot.connector.client_order_tracker - INFO - Successfully canceled order SEGUT5ec6d1ad04ca5958a1d10aec3df8e47af8c.
2022-11-01 18:53:49,291 - 5057 - hummingbot.core.event.event_reporter - EVENT_LOG - {"timestamp": 1667328829.0, "order_id": "SEGUT5ec6d1ad04d1f958a1d10aec3df8e47af8c", "exchange_order_id": "636168e504b71f0001e16328", "event_name": "OrderCancelledEvent", "event_source": "kucoin"}
2022-11-01 18:53:49,291 - 5057 - hummingbot.connector.client_order_tracker - INFO - Successfully canceled order SEGUT5ec6d1ad04d1f958a1d10aec3df8e47af8c.
2022-11-01 18:53:50,001 - 5057 - hummingbot.strategy.pure_market_making.pure_market_making - INFO - (EDG-USDT) Creating 2 ask orders at (Size, Price): ['285714 EDG, 0.000733 USDT', '285714 EDG, 0.000736 USDT']
2022-11-01 18:53:50,206 - 5057 - hummingbot.connector.client_order_tracker - INFO - Created LIMIT_MAKER SELL order SEGUT5ec6d3ea2d2ab958a1d10aec3df8e47af8c for 285714.0000 EDG-USDT.
2022-11-01 18:53:50,210 - 5057 - hummingbot.core.event.event_reporter - EVENT_LOG - {"timestamp": 1667328830.0, "type": "OrderType.LIMIT_MAKER", "trading_pair": "EDG-USDT", "amount": "285714.0000", "price": "0.000736", "order_id": "SEGUT5ec6d3ea2d2ab958a1d10aec3df8e47af8c", "creation_timestamp": 1667328830.0, "exchange_order_id": "63616b3e3b4e690001fd738f", "leverage": 1, "position": "NIL", "event_name": "SellOrderCreatedEvent", "event_source": "kucoin"}
2022-11-01 18:53:50,238 - 5057 - hummingbot.connector.client_order_tracker - INFO - The SELL order SEGUT5ec6d3ea2d255958a1d10aec3df8e47af8c amounting to 285714/285714.0000 EDG has been filled.
2022-11-01 18:53:50,238 - 5057 - hummingbot.strategy.pure_market_making.pure_market_making - INFO - (EDG-USDT) Maker sell order of 285714 EDG filled. [clock=2022-11-01 18:53:50+00:00]
2022-11-01 18:53:50,252 - 5057 - hummingbot.core.event.event_reporter - EVENT_LOG - {"timestamp": 1667328830.0, "order_id": "SEGUT5ec6d3ea2d255958a1d10aec3df8e47af8c", "trading_pair": "EDG-USDT", "trade_type": "TradeType.SELL", "order_type": "OrderType.LIMIT_MAKER", "price": "0.000733", "amount": "285714", "trade_fee": {"percent": "0.002", "percent_token": null, "flat_fees": []}, "exchange_trade_id": "1382135012792321", "leverage": 1, "position": "NIL", "event_name": "OrderFilledEvent", "event_source": "kucoin"}
2022-11-01 18:53:50,252 - 5057 - hummingbot.connector.client_order_tracker - INFO - Created LIMIT_MAKER SELL order SEGUT5ec6d3ea2d255958a1d10aec3df8e47af8c for 285714.0000 EDG-USDT.
2022-11-01 18:53:50,256 - 5057 - hummingbot.core.event.event_reporter - EVENT_LOG - {"timestamp": 1667328830.0, "type": "OrderType.LIMIT_MAKER", "trading_pair": "EDG-USDT", "amount": "285714.0000", "price": "0.000733", "order_id": "SEGUT5ec6d3ea2d255958a1d10aec3df8e47af8c", "creation_timestamp": 1667328830.0, "exchange_order_id": "63616b3e4bb4cc00013fdfad", "leverage": 1, "position": "NIL", "event_name": "SellOrderCreatedEvent", "event_source": "kucoin"}
2022-11-01 18:53:50,256 - 5057 - hummingbot.strategy.pure_market_making.pure_market_making - INFO - (EDG-USDT) Maker sell order SEGUT5ec6d3ea2d255958a1d10aec3df8e47af8c (285714.0000 EDG @ 0.000733 USDT) has been completely filled. [clock=2022-11-01 18:53:50+00:00]
2022-11-01 18:53:50,260 - 5057 - hummingbot.core.event.event_reporter - EVENT_LOG - {"timestamp": 1667328830.0, "order_id": "SEGUT5ec6d3ea2d255958a1d10aec3df8e47af8c", "base_asset": "EDG", "quote_asset": "USDT", "base_asset_amount": "285714", "quote_asset_amount": "209.428362", "order_type": "OrderType.LIMIT_MAKER", "exchange_order_id": "63616b3e4bb4cc00013fdfad", "event_name": "SellOrderCompletedEvent", "event_source": "kucoin"}
2022-11-01 18:53:50,260 - 5057 - hummingbot.connector.client_order_tracker - INFO - SELL order SEGUT5ec6d3ea2d255958a1d10aec3df8e47af8c completely filled.
2022-11-01 18:54:50,000 - 5057 - hummingbot.strategy.pure_market_making.pure_market_making - INFO - (EDG-USDT) Canceling the limit order SEGUT5ec6d3ea2d2ab958a1d10aec3df8e47af8c. [clock=2022-11-01 18:54:50+00:00]
2022-11-01 18:54:50,157 - 5057 - hummingbot.core.event.event_reporter - EVENT_LOG - {"timestamp": 1667328890.0, "order_id": "SEGUT5ec6d3ea2d2ab958a1d10aec3df8e47af8c", "exchange_order_id": "63616b3e3b4e690001fd738f", "event_name": "OrderCancelledEvent", "event_source": "kucoin"}
2022-11-01 18:54:50,157 - 5057 - hummingbot.connector.client_order_tracker - INFO - Successfully canceled order SEGUT5ec6d3ea2d2ab958a1d10aec3df8e47af8c.
2022-11-01 18:54:51,001 - 5057 - hummingbot.strategy.pure_market_making.pure_market_making - INFO - (EDG-USDT) Creating 2 ask orders at (Size, Price): ['285714 EDG, 0.000733 USDT', '285714 EDG, 0.000736 USDT']
2022-11-01 18:54:51,187 - 5057 - hummingbot.connector.client_order_tracker - INFO - The SELL order SEGUT5ec6d42459ab0958a1d10aec3df8e47af8c amounting to 285714/285714.0000 EDG has been filled.
2022-11-01 18:54:51,187 - 5057 - hummingbot.strategy.pure_market_making.pure_market_making - INFO - (EDG-USDT) Maker sell order of 285714 EDG filled. [clock=2022-11-01 18:54:51+00:00]
2022-11-01 18:54:51,198 - 5057 - hummingbot.core.event.event_reporter - EVENT_LOG - {"timestamp": 1667328891.0, "order_id": "SEGUT5ec6d42459ab0958a1d10aec3df8e47af8c", "trading_pair": "EDG-USDT", "trade_type": "TradeType.SELL", "order_type": "OrderType.LIMIT_MAKER", "price": "0.000733", "amount": "285714", "trade_fee": {"percent": "0.002", "percent_token": null, "flat_fees": []}, "exchange_trade_id": "1382149262546945", "leverage": 1, "position": "NIL", "event_name": "OrderFilledEvent", "event_source": "kucoin"}
2022-11-01 18:54:51,198 - 5057 - hummingbot.strategy.pure_market_making.pure_market_making - INFO - (EDG-USDT) Maker sell order SEGUT5ec6d42459ab0958a1d10aec3df8e47af8c (285714.0000 EDG @ 0.000733 USDT) has been completely filled. [clock=2022-11-01 18:54:51+00:00]
2022-11-01 18:54:51,200 - 5057 - hummingbot.core.event.event_reporter - EVENT_LOG - {"timestamp": 1667328891.0, "order_id": "SEGUT5ec6d42459ab0958a1d10aec3df8e47af8c", "base_asset": "EDG", "quote_asset": "USDT", "base_asset_amount": "285714", "quote_asset_amount": "209.428362", "order_type": "OrderType.LIMIT_MAKER", "exchange_order_id": "63616b7b9299490001257ea3", "event_name": "SellOrderCompletedEvent", "event_source": "kucoin"}
2022-11-01 18:54:51,200 - 5057 - hummingbot.connector.client_order_tracker - INFO - SELL order SEGUT5ec6d42459ab0958a1d10aec3df8e47af8c completely filled.
2022-11-01 18:54:51,247 - 5057 - hummingbot.connector.client_order_tracker - INFO - Created LIMIT_MAKER SELL order SEGUT5ec6d42459b03958a1d10aec3df8e47af8c for 285714.0000 EDG-USDT.
2022-11-01 18:54:51,251 - 5057 - hummingbot.core.event.event_reporter - EVENT_LOG - {"timestamp": 1667328891.0, "type": "OrderType.LIMIT_MAKER", "trading_pair": "EDG-USDT", "amount": "285714.0000", "price": "0.000736", "order_id": "SEGUT5ec6d42459b03958a1d10aec3df8e47af8c", "creation_timestamp": 1667328891.0, "exchange_order_id": "63616b7b8d0e7a0001ac53a2", "leverage": 1, "position": "NIL", "event_name": "SellOrderCreatedEvent", "event_source": "kucoin"}
2022-11-01 18:55:51,000 - 5057 - hummingbot.strategy.pure_market_making.pure_market_making - INFO - (EDG-USDT) Canceling the limit order SEGUT5ec6d42459b03958a1d10aec3df8e47af8c. [clock=2022-11-01 18:55:51+00:00]
2022-11-01 18:55:51,150 - 5057 - hummingbot.core.event.event_reporter - EVENT_LOG - {"timestamp": 1667328951.0, "order_id": "SEGUT5ec6d42459b03958a1d10aec3df8e47af8c", "exchange_order_id": "63616b7b8d0e7a0001ac53a2", "event_name": "OrderCancelledEvent", "event_source": "kucoin"}
2022-11-01 18:55:51,150 - 5057 - hummingbot.connector.client_order_tracker - INFO - Successfully canceled order SEGUT5ec6d42459b03958a1d10aec3df8e47af8c.
2022-11-01 18:55:52,001 - 5057 - hummingbot.strategy.pure_market_making.pure_market_making - INFO - (EDG-USDT) Creating 2 ask orders at (Size, Price): ['285714 EDG, 0.000733 USDT', '285714 EDG, 0.000736 USDT']
2022-11-01 18:55:52,183 - 5057 - hummingbot.connector.client_order_tracker - INFO - Created LIMIT_MAKER SELL order SEGUT5ec6d45e86421958a1d10aec3df8e47af8c for 285714.0000 EDG-USDT.
2022-11-01 18:55:52,187 - 5057 - hummingbot.core.event.event_reporter - EVENT_LOG - {"timestamp": 1667328952.0, "type": "OrderType.LIMIT_MAKER", "trading_pair": "EDG-USDT", "amount": "285714.0000", "price": "0.000733", "order_id": "SEGUT5ec6d45e86421958a1d10aec3df8e47af8c", "creation_timestamp": 1667328952.0, "exchange_order_id": "63616bb8c4c3e100014ff91b", "leverage": 1, "position": "NIL", "event_name": "SellOrderCreatedEvent", "event_source": "kucoin"}
2022-11-01 18:55:52,216 - 5057 - hummingbot.connector.client_order_tracker - INFO - Created LIMIT_MAKER SELL order SEGUT5ec6d45e86472958a1d10aec3df8e47af8c for 285714.0000 EDG-USDT.
2022-11-01 18:55:52,220 - 5057 - hummingbot.core.event.event_reporter - EVENT_LOG - {"timestamp": 1667328952.0, "type": "OrderType.LIMIT_MAKER", "trading_pair": "EDG-USDT", "amount": "285714.0000", "price": "0.000736", "order_id": "SEGUT5ec6d45e86472958a1d10aec3df8e47af8c", "creation_timestamp": 1667328952.0, "exchange_order_id": "63616bb85f52390001923a02", "leverage": 1, "position": "NIL", "event_name": "SellOrderCreatedEvent", "event_source": "kucoin"}
2022-11-01 19:05:52,001 - 5057 - hummingbot.strategy.pure_market_making.pure_market_making - INFO - (EDG-USDT) Canceling the limit order SEGUT5ec6d45e86421958a1d10aec3df8e47af8c. [clock=2022-11-01 19:05:52+00:00]
2022-11-01 19:05:52,001 - 5057 - hummingbot.strategy.pure_market_making.pure_market_making - INFO - (EDG-USDT) Canceling the limit order SEGUT5ec6d45e86472958a1d10aec3df8e47af8c. [clock=2022-11-01 19:05:52+00:00]
2022-11-01 19:05:52,170 - 5057 - hummingbot.core.event.event_reporter - EVENT_LOG - {"timestamp": 1667329552.0, "order_id": "SEGUT5ec6d45e86421958a1d10aec3df8e47af8c", "exchange_order_id": "63616bb8c4c3e100014ff91b", "event_name": "OrderCancelledEvent", "event_source": "kucoin"}
2022-11-01 19:05:52,170 - 5057 - hummingbot.connector.client_order_tracker - INFO - Successfully canceled order SEGUT5ec6d45e86421958a1d10aec3df8e47af8c.
2022-11-01 19:05:52,202 - 5057 - hummingbot.core.event.event_reporter - EVENT_LOG - {"timestamp": 1667329552.0, "order_id": "SEGUT5ec6d45e86472958a1d10aec3df8e47af8c", "exchange_order_id": "63616bb85f52390001923a02", "event_name": "OrderCancelledEvent", "event_source": "kucoin"}
2022-11-01 19:05:52,202 - 5057 - hummingbot.connector.client_order_tracker - INFO - Successfully canceled order SEGUT5ec6d45e86472958a1d10aec3df8e47af8c.
2022-11-01 19:05:53,000 - 5057 - hummingbot.strategy.pure_market_making.pure_market_making - INFO - (EDG-USDT) Creating 2 ask orders at (Size, Price): ['285714 EDG, 0.000732 USDT', '285714 EDG, 0.000735 USDT']
2022-11-01 19:05:53,183 - 5057 - hummingbot.connector.client_order_tracker - INFO - Created LIMIT_MAKER SELL order SEGUT5ec6d69baeac9958a1d10aec3df8e47af8c for 285714.0000 EDG-USDT.
2022-11-01 19:05:53,187 - 5057 - hummingbot.core.event.event_reporter - EVENT_LOG - {"timestamp": 1667329553.0, "type": "OrderType.LIMIT_MAKER", "trading_pair": "EDG-USDT", "amount": "285714.0000", "price": "0.000732", "order_id": "SEGUT5ec6d69baeac9958a1d10aec3df8e47af8c", "creation_timestamp": 1667329553.0, "exchange_order_id": "63616e11dd05480001176a21", "leverage": 1, "position": "NIL", "event_name": "SellOrderCreatedEvent", "event_source": "kucoin"}
2022-11-01 19:05:53,215 - 5057 - hummingbot.connector.client_order_tracker - INFO - Created LIMIT_MAKER SELL order SEGUT5ec6d69baeb4e958a1d10aec3df8e47af8c for 285714.0000 EDG-USDT.
2022-11-01 19:05:53,218 - 5057 - hummingbot.core.event.event_reporter - EVENT_LOG - {"timestamp": 1667329553.0, "type": "OrderType.LIMIT_MAKER", "trading_pair": "EDG-USDT", "amount": "285714.0000", "price": "0.000735", "order_id": "SEGUT5ec6d69baeb4e958a1d10aec3df8e47af8c", "creation_timestamp": 1667329553.0, "exchange_order_id": "63616e114bb4cc000144cfbf", "leverage": 1, "position": "NIL", "event_name": "SellOrderCreatedEvent", "event_source": "kucoin"}
2022-11-01 19:15:53,001 - 5057 - hummingbot.strategy.pure_market_making.pure_market_making - INFO - (EDG-USDT) Canceling the limit order SEGUT5ec6d69baeac9958a1d10aec3df8e47af8c. [clock=2022-11-01 19:15:53+00:00]
2022-11-01 19:15:53,001 - 5057 - hummingbot.strategy.pure_market_making.pure_market_making - INFO - (EDG-USDT) Canceling the limit order SEGUT5ec6d69baeb4e958a1d10aec3df8e47af8c. [clock=2022-11-01 19:15:53+00:00]
2022-11-01 19:15:53,192 - 5057 - hummingbot.core.event.event_reporter - EVENT_LOG - {"timestamp": 1667330153.0, "order_id": "SEGUT5ec6d69baeac9958a1d10aec3df8e47af8c", "exchange_order_id": "63616e11dd05480001176a21", "event_name": "OrderCancelledEvent", "event_source": "kucoin"}
2022-11-01 19:15:53,193 - 5057 - hummingbot.connector.client_order_tracker - INFO - Successfully canceled order SEGUT5ec6d69baeac9958a1d10aec3df8e47af8c.
2022-11-01 19:15:53,220 - 5057 - hummingbot.core.event.event_reporter - EVENT_LOG - {"timestamp": 1667330153.0, "order_id": "SEGUT5ec6d69baeb4e958a1d10aec3df8e47af8c", "exchange_order_id": "63616e114bb4cc000144cfbf", "event_name": "OrderCancelledEvent", "event_source": "kucoin"}
2022-11-01 19:15:53,220 - 5057 - hummingbot.connector.client_order_tracker - INFO - Successfully canceled order SEGUT5ec6d69baeb4e958a1d10aec3df8e47af8c.
2022-11-01 19:15:54,001 - 5057 - hummingbot.strategy.pure_market_making.pure_market_making - INFO - (EDG-USDT) Creating 2 ask orders at (Size, Price): ['285714 EDG, 0.000732 USDT', '285714 EDG, 0.000735 USDT']
2022-11-01 19:15:54,177 - 5057 - hummingbot.connector.client_order_tracker - INFO - Created LIMIT_MAKER SELL order SEGUT5ec6d8d8d7481958a1d10aec3df8e47af8c for 285714.0000 EDG-USDT.
2022-11-01 19:15:54,181 - 5057 - hummingbot.core.event.event_reporter - EVENT_LOG - {"timestamp": 1667330154.0, "type": "OrderType.LIMIT_MAKER", "trading_pair": "EDG-USDT", "amount": "285714.0000", "price": "0.000732", "order_id": "SEGUT5ec6d8d8d7481958a1d10aec3df8e47af8c", "creation_timestamp": 1667330154.0, "exchange_order_id": "6361706a3b4e6900010640a6", "leverage": 1, "position": "NIL", "event_name": "SellOrderCreatedEvent", "event_source": "kucoin"}
2022-11-01 19:15:54,209 - 5057 - hummingbot.connector.client_order_tracker - INFO - Created LIMIT_MAKER SELL order SEGUT5ec6d8d8d74ca958a1d10aec3df8e47af8c for 285714.0000 EDG-USDT.
2022-11-01 19:15:54,213 - 5057 - hummingbot.core.event.event_reporter - EVENT_LOG - {"timestamp": 1667330154.0, "type": "OrderType.LIMIT_MAKER", "trading_pair": "EDG-USDT", "amount": "285714.0000", "price": "0.000735", "order_id": "SEGUT5ec6d8d8d74ca958a1d10aec3df8e47af8c", "creation_timestamp": 1667330154.0, "exchange_order_id": "6361706a43963f0001285d56", "leverage": 1, "position": "NIL", "event_name": "SellOrderCreatedEvent", "event_source": "kucoin"}
2022-11-01 19:22:51,379 - 5057 - hummingbot.client.hummingbot_application - INFO - stop command initiated.
2022-11-01 19:22:51,542 - 5057 - hummingbot.core.event.event_reporter - EVENT_LOG - {"timestamp": 1667330571.0, "order_id": "SEGUT5ec6d8d8d7481958a1d10aec3df8e47af8c", "exchange_order_id": "6361706a3b4e6900010640a6", "event_name": "OrderCancelledEvent", "event_source": "kucoin"}
2022-11-01 19:22:51,542 - 5057 - hummingbot.connector.client_order_tracker - INFO - Successfully canceled order SEGUT5ec6d8d8d7481958a1d10aec3df8e47af8c.
2022-11-01 19:22:51,576 - 5057 - hummingbot.core.event.event_reporter - EVENT_LOG - {"timestamp": 1667330571.0, "order_id": "SEGUT5ec6d8d8d74ca958a1d10aec3df8e47af8c", "exchange_order_id": "6361706a43963f0001285d56", "event_name": "OrderCancelledEvent", "event_source": "kucoin"}
2022-11-01 19:22:51,576 - 5057 - hummingbot.connector.client_order_tracker - INFO - Successfully canceled order SEGUT5ec6d8d8d74ca958a1d10aec3df8e47af8c.
